Release 14.7 - xst P.20131013 (lin64)
Copyright (c) 1995-2013 Xilinx, Inc.  All rights reserved.
--> 
Parameter TMPDIR set to xst/projnav.tmp


Total REAL time to Xst completion: 0.00 secs
Total CPU time to Xst completion: 0.04 secs
 
--> 
Parameter xsthdpdir set to xst


Total REAL time to Xst completion: 0.00 secs
Total CPU time to Xst completion: 0.04 secs
 
--> 
Reading design: a2_ax2a.prj

TABLE OF CONTENTS
  1) Synthesis Options Summary
  2) HDL Parsing
  3) HDL Elaboration
  4) HDL Synthesis
       4.1) HDL Synthesis Report
  5) Advanced HDL Synthesis
       5.1) Advanced HDL Synthesis Report
  6) Low Level Synthesis
  7) Partition Report
  8) Design Summary
       8.1) Primitive and Black Box Usage
       8.2) Device utilization summary
       8.3) Partition Resource Summary
       8.4) Timing Report
            8.4.1) Clock Information
            8.4.2) Asynchronous Control Signals Information
            8.4.3) Timing Summary
            8.4.4) Timing Details
            8.4.5) Cross Clock Domains Report


=========================================================================
*                      Synthesis Options Summary                        *
=========================================================================
---- Source Parameters
Input File Name                    : "a2_ax2a.prj"
Ignore Synthesis Constraint File   : NO

---- Target Parameters
Output File Name                   : "a2_ax2a"
Output Format                      : NGC
Target Device                      : xc7a100t-3-csg324

---- Source Options
Top Module Name                    : a2_ax2a
Automatic FSM Extraction           : YES
FSM Encoding Algorithm             : Auto
Safe Implementation                : No
FSM Style                          : LUT
RAM Extraction                     : Yes
RAM Style                          : Auto
ROM Extraction                     : Yes
Shift Register Extraction          : YES
ROM Style                          : Auto
Resource Sharing                   : YES
Asynchronous To Synchronous        : NO
Shift Register Minimum Size        : 2
Use DSP Block                      : Auto
Automatic Register Balancing       : No

---- Target Options
LUT Combining                      : Auto
Reduce Control Sets                : Auto
Add IO Buffers                     : YES
Global Maximum Fanout              : 100000
Add Generic Clock Buffer(BUFG)     : 32
Register Duplication               : YES
Optimize Instantiated Primitives   : NO
Use Clock Enable                   : Auto
Use Synchronous Set                : Auto
Use Synchronous Reset              : Auto
Pack IO Registers into IOBs        : Auto
Equivalent register Removal        : YES

---- General Options
Optimization Goal                  : Speed
Optimization Effort                : 1
Power Reduction                    : NO
Keep Hierarchy                     : No
Netlist Hierarchy                  : As_Optimized
RTL Output                         : Yes
Global Optimization                : AllClockNets
Read Cores                         : YES
Write Timing Constraints           : NO
Cross Clock Analysis               : NO
Hierarchy Separator                : /
Bus Delimiter                      : <>
Case Specifier                     : Maintain
Slice Utilization Ratio            : 100
BRAM Utilization Ratio             : 100
DSP48 Utilization Ratio            : 100
Auto BRAM Packing                  : NO
Slice Utilization Ratio Delta      : 5

=========================================================================


=========================================================================
*                          HDL Parsing                                  *
=========================================================================
Parsing VHDL file "/home/sahil/College/Sem_8/vsli/lab/a2/a2_ax2a.vhd" into library work
Parsing entity <a2_ax2a>.
Parsing architecture <Behavioral> of entity <a2_ax2a>.

=========================================================================
*                            HDL Elaboration                            *
=========================================================================

Elaborating entity <a2_ax2a> (architecture <Behavioral>) from library <work>.
WARNING:HDLCompiler:321 - "/home/sahil/College/Sem_8/vsli/lab/a2/a2_ax2a.vhd" Line 43: Comparison between arrays of unequal length always returns FALSE.
WARNING:HDLCompiler:321 - "/home/sahil/College/Sem_8/vsli/lab/a2/a2_ax2a.vhd" Line 45: Comparison between arrays of unequal length always returns FALSE.
WARNING:HDLCompiler:321 - "/home/sahil/College/Sem_8/vsli/lab/a2/a2_ax2a.vhd" Line 47: Comparison between arrays of unequal length always returns FALSE.
WARNING:HDLCompiler:321 - "/home/sahil/College/Sem_8/vsli/lab/a2/a2_ax2a.vhd" Line 49: Comparison between arrays of unequal length always returns FALSE.

=========================================================================
*                           HDL Synthesis                               *
=========================================================================

Synthesizing Unit <a2_ax2a>.
    Related source file is "/home/sahil/College/Sem_8/vsli/lab/a2/a2_ax2a.vhd".
    Found 1-bit tristate buffer for signal <Y<3>> created at line 59
WARNING:Xst:737 - Found 1-bit latch for signal <Y[3]_Z_3_o_DLATCH_5_q>. Latches may be generated from incomplete case or if statements. We do not recommend the use of latches in FPGA/CPLD designs, as they may lead to timing problems.
    Found 1-bit tristate buffer for signal <Y<2>> created at line 59
WARNING:Xst:737 - Found 1-bit latch for signal <GND_3_o_Z_3_o_DLATCH_6_q>. Latches may be generated from incomplete case or if statements. We do not recommend the use of latches in FPGA/CPLD designs, as they may lead to timing problems.
WARNING:Xst:737 - Found 1-bit latch for signal <Y[3]_Z_3_o_DLATCH_7_q>. Latches may be generated from incomplete case or if statements. We do not recommend the use of latches in FPGA/CPLD designs, as they may lead to timing problems.
    Found 1-bit tristate buffer for signal <Y<1>> created at line 59
    Found 1-bit tristate buffer for signal <Y<0>> created at line 59
WARNING:Xst:737 - Found 1-bit latch for signal <PWR_4_o_GND_8_o_DLATCH_2_q>. Latches may be generated from incomplete case or if statements. We do not recommend the use of latches in FPGA/CPLD designs, as they may lead to timing problems.
    Summary:
	inferred   4 Latch(s).
	inferred  17 Multiplexer(s).
	inferred   4 Tristate(s).
Unit <a2_ax2a> synthesized.

=========================================================================
HDL Synthesis Report

Macro Statistics
# Latches                                              : 4
 1-bit latch                                           : 4
# Multiplexers                                         : 17
 1-bit 2-to-1 multiplexer                              : 17
# Tristates                                            : 4
 1-bit tristate buffer                                 : 4
# Xors                                                 : 8
 1-bit xor2                                            : 8

=========================================================================

=========================================================================
*                       Advanced HDL Synthesis                          *
=========================================================================

WARNING:Xst:1710 - FF/Latch <PWR_4_o_GND_8_o_DLATCH_2_q> (without init value) has a constant value of 0 in block <a2_ax2a>. This FF/Latch will be trimmed during the optimization process.

=========================================================================
Advanced HDL Synthesis Report

Macro Statistics
# Multiplexers                                         : 17
 1-bit 2-to-1 multiplexer                              : 17
# Xors                                                 : 8
 1-bit xor2                                            : 8

=========================================================================

=========================================================================
*                         Low Level Synthesis                           *
=========================================================================
WARNING:Xst:1710 - FF/Latch <PWR_4_o_GND_8_o_DLATCH_2_q> (without init value) has a constant value of 0 in block <a2_ax2a>. This FF/Latch will be trimmed during the optimization process.

Optimizing unit <a2_ax2a> ...

Mapping all equations...
Building and optimizing final netlist ...
Found area constraint ratio of 100 (+ 5) on block a2_ax2a, actual ratio is 0.

Final Macro Processing ...

=========================================================================
Final Register Report

Found no macro
=========================================================================

=========================================================================
*                           Partition Report                            *
=========================================================================

Partition Implementation Status
-------------------------------

  No Partitions were found in this design.

-------------------------------

=========================================================================
*                            Design Summary                             *
=========================================================================

Top Level Output File Name         : a2_ax2a.ngc

Primitive and Black Box Usage:
------------------------------
# BELS                             : 22
#      GND                         : 1
#      INV                         : 1
#      LUT3                        : 1
#      LUT4                        : 11
#      LUT5                        : 3
#      LUT6                        : 4
#      VCC                         : 1
# FlipFlops/Latches                : 3
#      LD                          : 3
# IO Buffers                       : 20
#      IBUF                        : 16
#      OBUFT                       : 4

Device utilization summary:
---------------------------

Selected Device : 7a100tcsg324-3 


Slice Logic Utilization: 
 Number of Slice Registers:               1  out of  126800     0%  
 Number of Slice LUTs:                   20  out of  63400     0%  
    Number used as Logic:                20  out of  63400     0%  

Slice Logic Distribution: 
 Number of LUT Flip Flop pairs used:     20
   Number with an unused Flip Flop:      19  out of     20    95%  
   Number with an unused LUT:             0  out of     20     0%  
   Number of fully used LUT-FF pairs:     1  out of     20     5%  
   Number of unique control sets:         1

IO Utilization: 
 Number of IOs:                          20
 Number of bonded IOBs:                  20  out of    210     9%  
    IOB Flip Flops/Latches:               2

Specific Feature Utilization:

---------------------------
Partition Resource Summary:
---------------------------

  No Partitions were found in this design.

---------------------------


=========================================================================
Timing Report

NOTE: THESE TIMING NUMBERS ARE ONLY A SYNTHESIS ESTIMATE.
      FOR ACCURATE TIMING INFORMATION PLEASE REFER TO THE TRACE REPORT
      GENERATED AFTER PLACE-and-ROUTE.

Clock Information:
------------------
------------------------------------------+----------------------------------+-------+
Clock Signal                              | Clock buffer(FF name)            | Load  |
------------------------------------------+----------------------------------+-------+
Z_3_o_Z_3_o_OR_16_o(Z_3_o_Z_3_o_OR_16_o:O)| NONE(*)(GND_3_o_Z_3_o_DLATCH_6_q)| 3     |
------------------------------------------+----------------------------------+-------+
(*) This 1 clock signal(s) are generated by combinatorial logic,
and XST is not able to identify which are the primary clock signals.
Please use the CLOCK_SIGNAL constraint to specify the clock signal(s) generated by combinatorial logic.
INFO:Xst:2169 - HDL ADVISOR - Some clock signals were not automatically buffered by XST with BUFG/BUFR resources. Please use the buffer_type constraint in order to insert these buffers to the clock signals to help prevent skew problems.

Asynchronous Control Signals Information:
----------------------------------------
No asynchronous control signals found in this design

Timing Summary:
---------------
Speed Grade: -3

   Minimum period: No path found
   Minimum input arrival time before clock: 2.067ns
   Maximum output required time after clock: 1.148ns
   Maximum combinational path delay: No path found

Timing Details:
---------------
All values displayed in nanoseconds (ns)

=========================================================================
Timing constraint: Default OFFSET IN BEFORE for Clock 'Z_3_o_Z_3_o_OR_16_o'
  Total number of paths / destination ports: 76 / 3
-------------------------------------------------------------------------
Offset:              2.067ns (Levels of Logic = 4)
  Source:            X<4> (PAD)
  Destination:       Y[3]_Z_3_o_DLATCH_7_q (LATCH)
  Destination Clock: Z_3_o_Z_3_o_OR_16_o falling

  Data Path: X<4> to Y[3]_Z_3_o_DLATCH_7_q
                                Gate     Net
    Cell:in->out      fanout   Delay   Delay  Logical Name (Net Name)
    ----------------------------------------  ------------
     IBUF:I->O             3   0.001   0.566  X_4_IBUF (X_4_IBUF)
     LUT4:I0->O            4   0.097   0.697  out11 (Mmux_GND_3_o_GND_3_o_MUX_52_o11)
     LUT5:I0->O            1   0.097   0.511  Mmux_Y[3]_Z_3_o_MUX_47_o22 (Mmux_Y[3]_Z_3_o_MUX_47_o21)
     LUT6:I3->O            1   0.097   0.000  Mmux_Y[3]_Z_3_o_MUX_47_o25 (Y[3]_Z_3_o_MUX_47_o)
     LD:D                     -0.028          Y[3]_Z_3_o_DLATCH_5_q
    ----------------------------------------
    Total                      2.067ns (0.292ns logic, 1.775ns route)
                                       (14.1% logic, 85.9% route)

=========================================================================
Timing constraint: Default OFFSET OUT AFTER for Clock 'Z_3_o_Z_3_o_OR_16_o'
  Total number of paths / destination ports: 4 / 2
-------------------------------------------------------------------------
Offset:              1.148ns (Levels of Logic = 2)
  Source:            GND_3_o_Z_3_o_DLATCH_6_q (LATCH)
  Destination:       Y<1> (PAD)
  Source Clock:      Z_3_o_Z_3_o_OR_16_o falling

  Data Path: GND_3_o_Z_3_o_DLATCH_6_q to Y<1>
                                Gate     Net
    Cell:in->out      fanout   Delay   Delay  Logical Name (Net Name)
    ----------------------------------------  ------------
     LD:G->Q               1   0.472   0.279  GND_3_o_Z_3_o_DLATCH_6_q (GND_3_o_Z_3_o_DLATCH_6_q)
     INV:I->O              2   0.113   0.283  GND_3_o_Z_3_o_DLATCH_6_q_inv1_INV_0 (GND_3_o_Z_3_o_DLATCH_6_q_inv)
     OBUFT:T->O                0.000          Y_1_OBUFT (Y<1>)
    ----------------------------------------
    Total                      1.148ns (0.585ns logic, 0.563ns route)
                                       (51.0% logic, 49.0% route)

=========================================================================

Cross Clock Domains Report:
--------------------------

=========================================================================


Total REAL time to Xst completion: 5.00 secs
Total CPU time to Xst completion: 5.45 secs
 
--> 


Total memory usage is 484588 kilobytes

Number of errors   :    0 (   0 filtered)
Number of warnings :   10 (   0 filtered)
Number of infos    :    1 (   0 filtered)

